<?xml version="1.0" encoding="UTF-8"?>
<!-- Generated by org.testng.reporters.JUnitReportReporter -->
<testsuite hostname="VARSHRAM" failures="0" tests="2" name="programs1.Multi_Browsing" time="15.973" errors="0" timestamp="2023-01-05T05:13:37 IST" skipped="0">
  <testcase classname="programs1.Multi_Browsing" name="TC1" time="9.908"/>
  <system-out/>
  <testcase classname="programs1.Multi_Browsing" name="TC1" time="6.065"/>
  <system-out/>
</testsuite> <!-- programs1.Multi_Browsing -->
